
> @theemo/figma-ui@0.0.0 start /Users/gossi/code/theemo/figma-theemo/ui
> vite build --watch

vite v4.1.1 building for production...

watching for file changes...

build started...

(!) outDir /Users/gossi/code/theemo/figma-theemo/dist is not inside project root and will not be emptied.
Use --emptyOutDir to override.

transforming...
10:14:45 [vite-plugin-svelte] /src/PluginUI.svelte:27:2 Unused CSS selector ".container"
25: 
26: <style>
27:   .container {
      ^
28:     width: 100%;
29:     overflow-y: hidden;
10:14:45 [vite-plugin-svelte] /src/components/TabBar.svelte:9:2 A11y: visible, non-interactive elements with an on:click event must be accompanied by an on:keydown, on:keyup, or on:keypress event.
 7: 
 8: <div class="tabs">
 9:   <span
      ^
10:     class="tab"
11:     on:click={() => section.set('selection')}
10:14:45 [vite-plugin-svelte] /src/components/TabBar.svelte:14:2 A11y: visible, non-interactive elements with an on:click event must be accompanied by an on:keydown, on:keyup, or on:keypress event.
12:     class:active={$section === 'selection'}>Selection</span
13:   >
14:   <span
      ^
15:     class="tab"
16:     on:click={() => section.set('tokens')}
10:14:45 [vite-plugin-svelte] /src/components/TabBar.svelte:28:2 A11y: visible, non-interactive elements with an on:click event must be accompanied by an on:keydown, on:keyup, or on:keypress event.
26:   </span> -->
27: 
28:   <span
      ^
29:     class="tab"
30:     style="margin-left: auto;"
10:14:46 [vite-plugin-svelte] /src/sections/Tokens.svelte:13:2 A11y: visible, non-interactive elements with an on:click event must be accompanied by an on:keydown, on:keyup, or on:keypress event.
11: 
12: <div class="tabs">
13:   <span
      ^
14:     class="tab"
15:     tabNumber="1"
10:14:46 [vite-plugin-svelte] /src/sections/Tokens.svelte:20:2 A11y: visible, non-interactive elements with an on:click event must be accompanied by an on:keydown, on:keyup, or on:keypress event.
18:   >
19: 
20:   <span
      ^
21:     class="tab"
22:     tabNumber="2"
10:14:46 [vite-plugin-svelte] /src/sections/Tokens.svelte:29:2 A11y: visible, non-interactive elements with an on:click event must be accompanied by an on:keydown, on:keyup, or on:keypress event.
27:   </span>
28: 
29:   <span
      ^
30:     class="tab"
31:     tabNumber="2"
10:14:46 [vite-plugin-svelte] /src/sections/Tokens.svelte:38:2 A11y: visible, non-interactive elements with an on:click event must be accompanied by an on:keydown, on:keyup, or on:keypress event.
36:   </span>
37: 
38:   <span
      ^
39:     class="tab"
40:     tabNumber="2"
10:14:46 [vite-plugin-svelte] /src/sections/Tokens.svelte:47:2 A11y: visible, non-interactive elements with an on:click event must be accompanied by an on:keydown, on:keyup, or on:keypress event.
45:   </span>
46: 
47:   <span
      ^
48:     class="tab"
49:     tabNumber="2"
10:14:46 [vite-plugin-svelte] /Users/gossi/code/theemo/figma-theemo/node_modules/.pnpm/figma-plugin-ds-svelte@1.4.3/node_modules/figma-plugin-ds-svelte/src/components/DisclosureItem/index.svelte:29:4 A11y: visible, non-interactive elements with an on:click event must be accompanied by an on:keydown, on:keyup, or on:keypress event.
27: 
28: <li {open} {title} id={uniqueId} class:expanded={expanded}>
29:     <div on:click={clickHandler.bind(null, uniqueId)} class="header" class:section={section}>
        ^
30:         <div class="icon">
31:             {#if expanded}
10:14:46 [vite-plugin-svelte] /Users/gossi/code/theemo/figma-theemo/node_modules/.pnpm/figma-plugin-ds-svelte@1.4.3/node_modules/figma-plugin-ds-svelte/src/components/Icon/index.svelte:12:0 A11y: visible, non-interactive elements with an on:click event must be accompanied by an on:keydown, on:keyup, or on:keypress event.
10: </script>
11: 
12: <div 
    ^
13:     class:spin={spin}
14:     {iconText}
10:14:46 [vite-plugin-svelte] /Users/gossi/code/theemo/figma-theemo/node_modules/.pnpm/figma-plugin-ds-svelte@1.4.3/node_modules/figma-plugin-ds-svelte/src/components/IconButton/index.svelte:15:0 A11y: visible, non-interactive elements with an on