
> @theemo/figma-ui@0.0.0 build /Users/gossi/code/theemo/figma-theemo/ui
> vite build

vite v4.1.1 building for production...
transforming...
10:14:27 [vite-plugin-svelte] /src/PluginUI.svelte:27:2 Unused CSS selector ".container"
25: 
26: <style>
27:   .container {
      ^
28:     width: 100%;
29:     overflow-y: hidden;
10:14:27 [vite-plugin-svelte] /src/components/TabBar.svelte:9:2 A11y: visible, non-interactive elements with an on:click event must be accompanied by an on:keydown, on:keyup, or on:keypress event.
 7: 
 8: <div class="tabs">
 9:   <span
      ^
10:     class="tab"
11:     on:click={() => section.set('selection')}
10:14:27 [vite-plugin-svelte] /src/components/TabBar.svelte:14:2 A11y: visible, non-interactive elements with an on:click event must be accompanied by an on:keydown, on:keyup, or on:keypress event.
12:     class:active={$section === 'selection'}>Selection</span
13:   >
14:   <span
      ^
15:     class="tab"
16:     on:click={() => section.set('tokens')}
10:14:27 [vite-plugin-svelte] /src/components/TabBar.svelte:28:2 A11y: visible, non-interactive elements with an on:click event must be accompanied by an on:keydown, on:keyup, or on:keypress event.
26:   </span> -->
27: 
28:   <span
      ^
29:     class="tab"
30:     style="margin-left: auto;"
10:14:27 [vite-plugin-svelte] /src/sections/Tokens.svelte:13:2 A11y: visible, non-interactive elements with an on:click event must be accompanied by an on:keydown, on:keyup, or on:keypress event.
11: 
12: <div class="tabs">
13:   <span
      ^
14:     class="tab"
15:     tabNumber="1"
10:14:27 [vite-plugin-svelte] /src/sections/Tokens.svelte:20:2 A11y: visible, non-interactive elements with an on:click event must be accompanied by an on:keydown, on:keyup, or on:keypress event.
18:   >
19: 
20:   <span
      ^
21:     class="tab"
22:     tabNumber="2"
10:14:27 [vite-plugin-svelte] /src/sections/Tokens.svelte:29:2 A11y: visible, non-interactive elements with an on:click event must be accompanied by an on:keydown, on:keyup, or on:keypress event.
27:   </span>
28: 
29:   <span
      ^
30:     class="tab"
31:     tabNumber="2"
10:14:27 [vite-plugin-svelte] /src/sections/Tokens.svelte:38:2 A11y: visible, non-interactive elements with an on:click event must be accompanied by an on:keydown, on:keyup, or on:keypress event.
36:   </span>
37: 
38:   <span
      ^
39:     class="tab"
40:     tabNumber="2"
10:14:27 [vite-plugin-svelte] /src/sections/Tokens.svelte:47:2 A11y: visible, non-interactive elements with an on:click event must be accompanied by an on:keydown, on:keyup, or on:keypress event.
45:   </span>
46: 
47:   <span
      ^
48:     class="tab"
49:     tabNumber="2"
10:14:27 [vite-plugin-svelte] /Users/gossi/code/theemo/figma-theemo/node_modules/.pnpm/figma-plugin-ds-svelte@1.4.3/node_modules/figma-plugin-ds-svelte/src/components/Icon/index.svelte:12:0 A11y: visible, non-interactive elements with an on:click event must be accompanied by an on:keydown, on:keyup, or on:keypress event.
10: </script>
11: 
12: <div 
    ^
13:     class:spin={spin}
14:     {iconText}
10:14:27 [vite-plugin-svelte] /Users/gossi/code/theemo/figma-theemo/node_modules/.pnpm/figma-plugin-ds-svelte@1.4.3/node_modules/figma-plugin-ds-svelte/src/components/IconButton/index.svelte:15:0 A11y: visible, non-interactive elements with an on:click event must be accompanied by an on:keydown, on:keyup, or on:keypress event.
13: </script>
14: 
15: <div on:click onclick="this.blur();" class:selected={selected} class="{className}" tabindex={tabindex}>
    ^
16:     {#if selected === true}
17:         <Icon {iconName} {iconText} {spin} color="--figma-color-icon-onbrand"/>
10:14:27 [vite-plugin-svelte] /Users/gossi/code/theemo/figma-theemo/node_modules/.pnpm/figma-plugin-ds-svelte@1.4.3/node_modules/figma-plugin-ds-svelte/src/components/IconButton/index.svelte:15:0 A11y: noninteractive element cannot have nonnegative tabIndex value
13: </script>
14: 
15: <div on:click onclick="this.blur();" class:selected={selected} class="{className}" tabindex={tabindex}>
    ^
16:     {#if selected === true}
17:         <Icon {iconName} {iconText} {spin} color="--figma-color-icon-onbrand"/>
10:14:27 [vite-plugin-svelte] /Users/gossi/code/theemo/figma-theemo/node_modules/.pnpm/figma-plugin-ds-svelte@1.4.3/node_modules/figma-plugin-ds-svelte/src/components/DisclosureItem/index.svelte:29:4 A11y: visible, non-interactive elements with an on:click event must be accompanied by an on:keydown, on:keyup, or on:keypress event.
27: 
28: <li {open} {title} id={uniqueId} class:expanded={expanded}>
29:     <div on:click={clickHandler.bind(null, uniqueId)} class="header" class:section={section}>
        ^
30:         <div class="icon">
31:             {#if expanded}
10:14:27 [vite-plugin-svelte] /Users/gossi/code/theemo/figma-theemo/node_modules/.pnpm/figma-plugin-ds-svelte@1.4.3/node_modules/figma-plugin-ds-svelte/src/components/SelectItem/index.svelte:11:0 A11y: visible, non-interactive elements with an on:click event must be accompanied by an on:keydown, on:keyup, or on:keypress event.
 9: </script>
10: 
11: <li {itemId} tabindex={itemId+1} class:highlight={selected} class={className} on:mouseenter on:click>
    ^
12:     <div class="icon" class:selected={selected}>
13:     </div>
10:14:27 [vite-plugin-svelte] /Users/gossi/code/theemo/figma-theemo/node_modules/.pnpm/figma-plugin-ds-svelte@1.4.3/node_modules/figma-plugin-ds-svelte/src/components/SelectItem/index.svelte:11:0 A11y: noninteractive element cannot have nonnegative tabIndex value
 9: </script>
10: 
11: <li {itemId} tabindex={itemId+1} class:highlight={selected} class={className} on:mouseenter on:click>
    ^
12:     <div class="icon" class:selected={selected}>
13:     </div>
✓ 160 modules transformed.
10:14:28 [vite-plugin-svelte] dom compile done.
package               	files	 time	   avg
figma-plugin-ds-svelte	   17	0.19s	11.2ms
@theemo/figma-ui      	   12	0.11s	 8.8ms
svelte-click-outside  	    1	3.0ms	 3.0ms

(!) outDir /Users/gossi/code/theemo/figma-theemo/dist is not inside project root and will not be emptied.
Use --emptyOutDir to override.

rendering chunks...
../dist/index.html  69.15 kB
